2022-06-22T18:59:32+00:00 CRITICAL syntax error, unexpected end of file, expecting "(" in C:\xampp\htdocs\wordpress\wp-content\themes\wilnox\functions.php on line 33

2022-06-22T18:59:33+00:00 CRITICAL syntax error, unexpected end of file, expecting "(" in C:\xampp\htdocs\wordpress\wp-content\themes\wilnox\functions.php on line 33

2022-06-22T19:06:45+00:00 CRITICAL Uncaught TypeError: call_user_func_array(): Argument #1 ($callback) must be a valid callback, no array or string given in C:\xampp\htdocs\wordpress\wp-includes\class-wp-hook.php:307
Stack trace:
#0 C:\xampp\htdocs\wordpress\wp-includes\class-wp-hook.php(331): WP_Hook->apply_filters(NULL, Array)
#1 C:\xampp\htdocs\wordpress\wp-includes\plugin.php(476): WP_Hook->do_action(Array)
#2 C:\xampp\htdocs\wordpress\wp-settings.php(598): do_action('init')
#3 C:\xampp\htdocs\wordpress\wp-config.php(96): require_once('C:\\xampp\\htdocs...')
#4 C:\xampp\htdocs\wordpress\wp-load.php(50): require_once('C:\\xampp\\htdocs...')
#5 C:\xampp\htdocs\wordpress\wp-admin\admin-ajax.php(22): require_once('C:\\xampp\\htdocs...')
#6 {main}
  thrown in C:\xampp\htdocs\wordpress\wp-includes\class-wp-hook.php on line 307

2022-06-22T19:31:40+00:00 CRITICAL syntax error, unexpected token "return", expecting variable or "{" or "$" in C:\xampp\htdocs\wordpress\wp-content\themes\wilnox\functions.php on line 40

2022-06-22T19:31:41+00:00 CRITICAL syntax error, unexpected token "return", expecting variable or "{" or "$" in C:\xampp\htdocs\wordpress\wp-content\themes\wilnox\functions.php on line 40

2022-06-22T19:31:41+00:00 CRITICAL syntax error, unexpected token "return", expecting variable or "{" or "$" in C:\xampp\htdocs\wordpress\wp-content\themes\wilnox\functions.php on line 40

2022-06-22T19:31:43+00:00 CRITICAL syntax error, unexpected token "return" in C:\xampp\htdocs\wordpress\wp-content\themes\wilnox\functions.php on line 40

2022-06-22T19:31:44+00:00 CRITICAL syntax error, unexpected token "return" in C:\xampp\htdocs\wordpress\wp-content\themes\wilnox\functions.php on line 40

2022-06-22T19:31:44+00:00 CRITICAL syntax error, unexpected token "return" in C:\xampp\htdocs\wordpress\wp-content\themes\wilnox\functions.php on line 40

2022-06-22T19:31:53+00:00 CRITICAL syntax error, unexpected token "return" in C:\xampp\htdocs\wordpress\wp-content\themes\wilnox\functions.php on line 41

2022-06-22T19:31:54+00:00 CRITICAL syntax error, unexpected token "return" in C:\xampp\htdocs\wordpress\wp-content\themes\wilnox\functions.php on line 41

2022-06-22T19:31:56+00:00 CRITICAL syntax error, unexpected token "return" in C:\xampp\htdocs\wordpress\wp-content\themes\wilnox\functions.php on line 41

2022-06-22T19:32:15+00:00 CRITICAL Out of memory (allocated 69206016) (tried to allocate 20480 bytes) in C:\xampp\htdocs\wordpress\wp-includes\functions.php on line 4801

2022-06-22T19:38:35+00:00 CRITICAL Unclosed '{' on line 33 in C:\xampp\htdocs\wordpress\wp-content\themes\wilnox\functions.php on line 69

2022-06-22T19:39:51+00:00 CRITICAL syntax error, unexpected token "}" in C:\xampp\htdocs\wordpress\wp-content\themes\wilnox\functions.php on line 54

2022-06-22T20:19:50+00:00 CRITICAL Uncaught TypeError: Unsupported operand types: string + string in C:\xampp\htdocs\wordpress\wp-content\themes\wilnox\functions.php:88
Stack trace:
#0 C:\xampp\htdocs\wordpress\wp-includes\shortcodes.php(356): wporg_shortcode(Array, '', 'wporg')
#1 [internal function]: do_shortcode_tag(Array)
#2 C:\xampp\htdocs\wordpress\wp-includes\shortcodes.php(228): preg_replace_callback('/\\[(\\[?)(w_code...', 'do_shortcode_ta...', '\n<p></p>\n\n\n\n<h1...')
#3 C:\xampp\htdocs\wordpress\wp-includes\class-wp-hook.php(307): do_shortcode('\n<p></p>\n\n\n\n<h1...')
#4 C:\xampp\htdocs\wordpress\wp-includes\plugin.php(191): WP_Hook->apply_filters('\n<p></p>\n\n\n\n<h1...', Array)
#5 C:\xampp\htdocs\wordpress\wp-includes\post-template.php(253): apply_filters('the_content', '<!-- wp:paragra...')
#6 C:\xampp\htdocs\wordpress\wp-content\themes\wilnox\page-ebooks.php(9): the_content()
#7 C:\xampp\htdocs\wordpress\wp-includes\template-loader.php(106): include('C:\\xampp\\htdocs...')
#8 C:\xampp\htdocs\wordpress\wp-blog-header.php(19): require_once('C:\\xampp\\htdocs...')
#9 C:\xampp\htdocs\wordpress\index.php(17): require('C:\\xampp\\htdocs...')
#10 {main}
  thrown in C:\xampp\htdocs\wordpress\wp-content\themes\wilnox\functions.php on line 88

