Jul 02 2022 10:53:46
{"Number":8192,"Message":"rtrim(): Passing null to parameter #1 ($string) of type string is deprecated","File":"C:\\xampp\\htdocs\\wilnox\\wp-includes\\formatting.php","Line":2772}

Jul 02 2022 10:53:46
{"Number":8192,"Message":"rtrim(): Passing null to parameter #1 ($string) of type string is deprecated","File":"C:\\xampp\\htdocs\\wilnox\\wp-includes\\formatting.php","Line":2772}

Jul 02 2022 10:53:46
{"Number":8192,"Message":"rtrim(): Passing null to parameter #1 ($string) of type string is deprecated","File":"C:\\xampp\\htdocs\\wilnox\\wp-includes\\formatting.php","Line":2772}

Jul 02 2022 10:53:46
{"Number":8192,"Message":"rtrim(): Passing null to parameter #1 ($string) of type string is deprecated","File":"C:\\xampp\\htdocs\\wilnox\\wp-includes\\formatting.php","Line":2772}

Jul 02 2022 10:53:46
{"Number":8192,"Message":"rtrim(): Passing null to parameter #1 ($string) of type string is deprecated","File":"C:\\xampp\\htdocs\\wilnox\\wp-includes\\formatting.php","Line":2772}

Jul 02 2022 10:53:46
{"Number":8192,"Message":"rtrim(): Passing null to parameter #1 ($string) of type string is deprecated","File":"C:\\xampp\\htdocs\\wilnox\\wp-includes\\formatting.php","Line":2772}

Jul 02 2022 10:53:46
{"Number":8192,"Message":"rtrim(): Passing null to parameter #1 ($string) of type string is deprecated","File":"C:\\xampp\\htdocs\\wilnox\\wp-includes\\formatting.php","Line":2772}

Jul 02 2022 10:53:46
{"Number":8192,"Message":"rtrim(): Passing null to parameter #1 ($string) of type string is deprecated","File":"C:\\xampp\\htdocs\\wilnox\\wp-includes\\formatting.php","Line":2772}

Jul 02 2022 10:53:46
{"Number":8192,"Message":"rtrim(): Passing null to parameter #1 ($string) of type string is deprecated","File":"C:\\xampp\\htdocs\\wilnox\\wp-includes\\formatting.php","Line":2772}

Jul 02 2022 10:53:46
{"Number":8192,"Message":"rtrim(): Passing null to parameter #1 ($string) of type string is deprecated","File":"C:\\xampp\\htdocs\\wilnox\\wp-includes\\formatting.php","Line":2772}

Jul 02 2022 10:53:46
{"Number":8192,"Message":"rtrim(): Passing null to parameter #1 ($string) of type string is deprecated","File":"C:\\xampp\\htdocs\\wilnox\\wp-includes\\formatting.php","Line":2772}

Jul 02 2022 10:53:46
{"Number":8192,"Message":"rtrim(): Passing null to parameter #1 ($string) of type string is deprecated","File":"C:\\xampp\\htdocs\\wilnox\\wp-includes\\formatting.php","Line":2772}

Jul 02 2022 10:53:46
{"Number":8192,"Message":"rtrim(): Passing null to parameter #1 ($string) of type string is deprecated","File":"C:\\xampp\\htdocs\\wilnox\\wp-includes\\formatting.php","Line":2772}

Jul 02 2022 10:53:46
{"Number":8192,"Message":"rtrim(): Passing null to parameter #1 ($string) of type string is deprecated","File":"C:\\xampp\\htdocs\\wilnox\\wp-includes\\formatting.php","Line":2772}

Jul 02 2022 10:53:46
{"Number":8192,"Message":"rtrim(): Passing null to parameter #1 ($string) of type string is deprecated","File":"C:\\xampp\\htdocs\\wilnox\\wp-includes\\formatting.php","Line":2772}

Jul 02 2022 10:53:46
{"Number":8192,"Message":"rtrim(): Passing null to parameter #1 ($string) of type string is deprecated","File":"C:\\xampp\\htdocs\\wilnox\\wp-includes\\formatting.php","Line":2772}

Jul 02 2022 10:53:46
{"Number":8192,"Message":"rtrim(): Passing null to parameter #1 ($string) of type string is deprecated","File":"C:\\xampp\\htdocs\\wilnox\\wp-includes\\formatting.php","Line":2772}

Jul 02 2022 10:53:46
{"Number":8192,"Message":"rtrim(): Passing null to parameter #1 ($string) of type string is deprecated","File":"C:\\xampp\\htdocs\\wilnox\\wp-includes\\formatting.php","Line":2772}

Jul 02 2022 10:53:46
{"Number":8192,"Message":"rtrim(): Passing null to parameter #1 ($string) of type string is deprecated","File":"C:\\xampp\\htdocs\\wilnox\\wp-includes\\formatting.php","Line":2772}

Jul 02 2022 10:53:46
{"Number":8192,"Message":"rtrim(): Passing null to parameter #1 ($string) of type string is deprecated","File":"C:\\xampp\\htdocs\\wilnox\\wp-includes\\formatting.php","Line":2772}

Jul 02 2022 10:53:46
{"Number":8192,"Message":"rtrim(): Passing null to parameter #1 ($string) of type string is deprecated","File":"C:\\xampp\\htdocs\\wilnox\\wp-includes\\formatting.php","Line":2772}

Jul 02 2022 10:53:46
{"Number":8192,"Message":"rtrim(): Passing null to parameter #1 ($string) of type string is deprecated","File":"C:\\xampp\\htdocs\\wilnox\\wp-includes\\formatting.php","Line":2772}

Jul 02 2022 10:53:46
{"Number":8192,"Message":"rtrim(): Passing null to parameter #1 ($string) of type string is deprecated","File":"C:\\xampp\\htdocs\\wilnox\\wp-includes\\formatting.php","Line":2772}

Jul 02 2022 10:53:46
{"Number":8192,"Message":"rtrim(): Passing null to parameter #1 ($string) of type string is deprecated","File":"C:\\xampp\\htdocs\\wilnox\\wp-includes\\formatting.php","Line":2772}

Jul 02 2022 10:53:46
{"Number":8192,"Message":"rtrim(): Passing null to parameter #1 ($string) of type string is deprecated","File":"C:\\xampp\\htdocs\\wilnox\\wp-includes\\formatting.php","Line":2772}

Jul 02 2022 10:53:46
{"Number":8192,"Message":"rtrim(): Passing null to parameter #1 ($string) of type string is deprecated","File":"C:\\xampp\\htdocs\\wilnox\\wp-includes\\formatting.php","Line":2772}

Jul 02 2022 10:53:46
{"Number":8192,"Message":"rtrim(): Passing null to parameter #1 ($string) of type string is deprecated","File":"C:\\xampp\\htdocs\\wilnox\\wp-includes\\formatting.php","Line":2772}

Jul 02 2022 10:53:46
{"Number":8192,"Message":"rtrim(): Passing null to parameter #1 ($string) of type string is deprecated","File":"C:\\xampp\\htdocs\\wilnox\\wp-includes\\formatting.php","Line":2772}

Jul 02 2022 10:53:46
{"Number":8192,"Message":"rtrim(): Passing null to parameter #1 ($string) of type string is deprecated","File":"C:\\xampp\\htdocs\\wilnox\\wp-includes\\formatting.php","Line":2772}

Jul 02 2022 10:53:46
{"Number":8192,"Message":"rtrim(): Passing null to parameter #1 ($string) of type string is deprecated","File":"C:\\xampp\\htdocs\\wilnox\\wp-includes\\formatting.php","Line":2772}

Jul 02 2022 10:53:56
{"Number":8192,"Message":"rtrim(): Passing null to parameter #1 ($string) of type string is deprecated","File":"C:\\xampp\\htdocs\\wilnox\\wp-includes\\formatting.php","Line":2772}

Jul 02 2022 10:53:56
{"Number":8192,"Message":"rtrim(): Passing null to parameter #1 ($string) of type string is deprecated","File":"C:\\xampp\\htdocs\\wilnox\\wp-includes\\formatting.php","Line":2772}

Jul 02 2022 10:53:56
{"Number":8192,"Message":"rtrim(): Passing null to parameter #1 ($string) of type string is deprecated","File":"C:\\xampp\\htdocs\\wilnox\\wp-includes\\formatting.php","Line":2772}

Jul 02 2022 10:53:56
{"Number":8192,"Message":"rtrim(): Passing null to parameter #1 ($string) of type string is deprecated","File":"C:\\xampp\\htdocs\\wilnox\\wp-includes\\formatting.php","Line":2772}

Jul 02 2022 10:53:56
{"Number":8192,"Message":"rtrim(): Passing null to parameter #1 ($string) of type string is deprecated","File":"C:\\xampp\\htdocs\\wilnox\\wp-includes\\formatting.php","Line":2772}

Jul 02 2022 10:53:56
{"Number":8192,"Message":"rtrim(): Passing null to parameter #1 ($string) of type string is deprecated","File":"C:\\xampp\\htdocs\\wilnox\\wp-includes\\formatting.php","Line":2772}

Jul 02 2022 10:53:56
{"Number":8192,"Message":"rtrim(): Passing null to parameter #1 ($string) of type string is deprecated","File":"C:\\xampp\\htdocs\\wilnox\\wp-includes\\formatting.php","Line":2772}

Jul 02 2022 10:53:56
{"Number":8192,"Message":"rtrim(): Passing null to parameter #1 ($string) of type string is deprecated","File":"C:\\xampp\\htdocs\\wilnox\\wp-includes\\formatting.php","Line":2772}

Jul 02 2022 10:53:56
{"Number":8192,"Message":"rtrim(): Passing null to parameter #1 ($string) of type string is deprecated","File":"C:\\xampp\\htdocs\\wilnox\\wp-includes\\formatting.php","Line":2772}

Jul 02 2022 10:53:56
{"Number":8192,"Message":"rtrim(): Passing null to parameter #1 ($string) of type string is deprecated","File":"C:\\xampp\\htdocs\\wilnox\\wp-includes\\formatting.php","Line":2772}

Jul 02 2022 10:53:56
{"Number":8192,"Message":"rtrim(): Passing null to parameter #1 ($string) of type string is deprecated","File":"C:\\xampp\\htdocs\\wilnox\\wp-includes\\formatting.php","Line":2772}

Jul 02 2022 10:53:56
{"Number":8192,"Message":"rtrim(): Passing null to parameter #1 ($string) of type string is deprecated","File":"C:\\xampp\\htdocs\\wilnox\\wp-includes\\formatting.php","Line":2772}

Jul 02 2022 10:53:56
{"Number":8192,"Message":"rtrim(): Passing null to parameter #1 ($string) of type string is deprecated","File":"C:\\xampp\\htdocs\\wilnox\\wp-includes\\formatting.php","Line":2772}

Jul 02 2022 10:53:56
{"Number":8192,"Message":"rtrim(): Passing null to parameter #1 ($string) of type string is deprecated","File":"C:\\xampp\\htdocs\\wilnox\\wp-includes\\formatting.php","Line":2772}

Jul 02 2022 10:53:56
{"Number":8192,"Message":"rtrim(): Passing null to parameter #1 ($string) of type string is deprecated","File":"C:\\xampp\\htdocs\\wilnox\\wp-includes\\formatting.php","Line":2772}

Jul 02 2022 10:53:56
{"Number":8192,"Message":"rtrim(): Passing null to parameter #1 ($string) of type string is deprecated","File":"C:\\xampp\\htdocs\\wilnox\\wp-includes\\formatting.php","Line":2772}

Jul 02 2022 10:53:56
{"Number":8192,"Message":"rtrim(): Passing null to parameter #1 ($string) of type string is deprecated","File":"C:\\xampp\\htdocs\\wilnox\\wp-includes\\formatting.php","Line":2772}

Jul 02 2022 10:53:56
{"Number":8192,"Message":"rtrim(): Passing null to parameter #1 ($string) of type string is deprecated","File":"C:\\xampp\\htdocs\\wilnox\\wp-includes\\formatting.php","Line":2772}

Jul 02 2022 10:53:56
{"Number":8192,"Message":"rtrim(): Passing null to parameter #1 ($string) of type string is deprecated","File":"C:\\xampp\\htdocs\\wilnox\\wp-includes\\formatting.php","Line":2772}

Jul 02 2022 10:53:56
{"Number":8192,"Message":"rtrim(): Passing null to parameter #1 ($string) of type string is deprecated","File":"C:\\xampp\\htdocs\\wilnox\\wp-includes\\formatting.php","Line":2772}

Jul 02 2022 10:53:56
{"Number":8192,"Message":"rtrim(): Passing null to parameter #1 ($string) of type string is deprecated","File":"C:\\xampp\\htdocs\\wilnox\\wp-includes\\formatting.php","Line":2772}

Jul 02 2022 10:53:56
{"Number":8192,"Message":"rtrim(): Passing null to parameter #1 ($string) of type string is deprecated","File":"C:\\xampp\\htdocs\\wilnox\\wp-includes\\formatting.php","Line":2772}

Jul 02 2022 10:53:56
{"Number":8192,"Message":"rtrim(): Passing null to parameter #1 ($string) of type string is deprecated","File":"C:\\xampp\\htdocs\\wilnox\\wp-includes\\formatting.php","Line":2772}

Jul 02 2022 10:53:56
{"Number":8192,"Message":"rtrim(): Passing null to parameter #1 ($string) of type string is deprecated","File":"C:\\xampp\\htdocs\\wilnox\\wp-includes\\formatting.php","Line":2772}

Jul 02 2022 10:53:56
{"Number":8192,"Message":"rtrim(): Passing null to parameter #1 ($string) of type string is deprecated","File":"C:\\xampp\\htdocs\\wilnox\\wp-includes\\formatting.php","Line":2772}

Jul 02 2022 10:53:56
{"Number":8192,"Message":"rtrim(): Passing null to parameter #1 ($string) of type string is deprecated","File":"C:\\xampp\\htdocs\\wilnox\\wp-includes\\formatting.php","Line":2772}

Jul 02 2022 10:53:56
{"Number":8192,"Message":"rtrim(): Passing null to parameter #1 ($string) of type string is deprecated","File":"C:\\xampp\\htdocs\\wilnox\\wp-includes\\formatting.php","Line":2772}

Jul 02 2022 10:53:56
{"Number":8192,"Message":"rtrim(): Passing null to parameter #1 ($string) of type string is deprecated","File":"C:\\xampp\\htdocs\\wilnox\\wp-includes\\formatting.php","Line":2772}

Jul 02 2022 10:53:56
{"Number":8192,"Message":"rtrim(): Passing null to parameter #1 ($string) of type string is deprecated","File":"C:\\xampp\\htdocs\\wilnox\\wp-includes\\formatting.php","Line":2772}

Jul 02 2022 10:53:56
{"Number":8192,"Message":"rtrim(): Passing null to parameter #1 ($string) of type string is deprecated","File":"C:\\xampp\\htdocs\\wilnox\\wp-includes\\formatting.php","Line":2772}

Jul 02 2022 10:54:04
{"Number":8192,"Message":"DateTime::__construct(): Passing null to parameter #1 ($datetime) of type string is deprecated","File":"C:\\xampp\\htdocs\\wilnox\\wp-content\\plugins\\woocommerce\\packages\\action-scheduler\\functions.php","Line":316}

Jul 02 2022 10:54:04
{"type":8192,"message":"Return type of Requests_Utility_CaseInsensitiveDictionary::getIterator() should either be compatible with IteratorAggregate::getIterator(): Traversable, or the #[\\ReturnTypeWillChange] attribute should be used to temporarily suppress the notice","file":"C:\\xampp\\htdocs\\wilnox\\wp-includes\\Requests\\Utility\\CaseInsensitiveDictionary.php","line":91}

Jul 02 2022 10:54:04
{"Number":8192,"Message":"DateTime::__construct(): Passing null to parameter #1 ($datetime) of type string is deprecated","File":"C:\\xampp\\htdocs\\wilnox\\wp-content\\plugins\\woocommerce\\packages\\action-scheduler\\functions.php","Line":316}

Jul 02 2022 10:54:04
{"type":8192,"message":"filter_input(): Passing null to parameter #4 ($options) of type array|int is deprecated","file":"C:\\xampp\\htdocs\\wilnox\\wp-content\\plugins\\google-site-kit\\includes\\Core\\Util\\Input.php","line":64}

